<?xml version="1.0" encoding="UTF-8"?>
<testng-results ignored="0" total="1" passed="1" failed="0" skipped="0">
  <reporter-output>
  </reporter-output>
  <suite started-at="2024-12-31T03:20:12 EST" name="Default suite" finished-at="2024-12-31T03:20:33 EST" duration-ms="20278">
    <groups>
    </groups>
    <test started-at="2024-12-31T03:20:12 EST" name="Default test" finished-at="2024-12-31T03:20:33 EST" duration-ms="20278">
      <class name="StepDefinitions.TestChrome">
        <test-method is-config="true" signature="StartPage()[pri:0, instance:StepDefinitions.TestChrome@44c03695]" started-at="2024-12-31T03:20:12 EST" name="StartPage" finished-at="2024-12-31T03:20:20 EST" duration-ms="7597" status="PASS">
          <reporter-output>
          </reporter-output>
        </test-method> <!-- StartPage -->
        <test-method signature="SearchGoogle()[pri:0, instance:StepDefinitions.TestChrome@44c03695]" started-at="2024-12-31T03:20:20 EST" name="SearchGoogle" finished-at="2024-12-31T03:20:32 EST" duration-ms="12145" status="PASS">
          <reporter-output>
          </reporter-output>
        </test-method> <!-- SearchGoogle -->
        <test-method is-config="true" signature="ClosePage()[pri:0, instance:StepDefinitions.TestChrome@44c03695]" started-at="2024-12-31T03:20:32 EST" name="ClosePage" finished-at="2024-12-31T03:20:33 EST" duration-ms="493" status="PASS">
          <reporter-output>
          </reporter-output>
        </test-method> <!-- ClosePage -->
      </class> <!-- StepDefinitions.TestChrome -->
    </test> <!-- Default test -->
  </suite> <!-- Default suite -->
</testng-results>
